(?<host>\S*) (?<clock>{.*})\n(?<event>.*)

Process-0 {"Process-0":1}
Initialization Complete
Process-0 {"Process-0":2}
INFO Priprava sporocila
Process-0 {"Process-0":3}
INFO Poslano sporocilo 0
Process-0 {"Process-0":4}
INFO Priprava sporocila
Process-0 {"Process-0":5}
INFO Poslano sporocilo 0
Process-0 {"Process-0":6}
INFO Priprava sporocila
Process-0 {"Process-0":7}
INFO Poslano sporocilo 1
Process-0 {"Process-0":8}
INFO Priprava sporocila
Process-0 {"Process-0":9}
INFO Poslano sporocilo 1
Process-0 {"Process-0":10}
INFO Priprava sporocila
Process-0 {"Process-0":11}
INFO Poslano sporocilo 2
Process-0 {"Process-0":12}
INFO Priprava sporocila
Process-0 {"Process-0":13}
INFO Poslano sporocilo 2
Process-0 {"Process-0":14}
INFO Priprava sporocila
Process-0 {"Process-0":15}
INFO Poslano sporocilo 3
Process-0 {"Process-0":16}
INFO Priprava sporocila
Process-0 {"Process-0":17}
INFO Poslano sporocilo 3
Process-0 {"Process-0":18}
INFO Priprava sporocila
Process-0 {"Process-0":19}
INFO Poslano sporocilo 4
Process-0 {"Process-0":20}
INFO Priprava sporocila
Process-0 {"Process-0":21}
INFO Poslano sporocilo 4
Process-1 {"Process-1":1}
Initialization Complete
Process-1 {"Process-0":3, "Process-1":2}
INFO Prejeto sporocilo
Process-2 {"Process-2":1}
Initialization Complete
Process-2 {"Process-0":13, "Process-2":2}
INFO Prejeto sporocilo
Process-3 {"Process-3":1}
Initialization Complete
Process-3 {"Process-0":5, "Process-3":2}
INFO Prejeto sporocilo
Process-4 {"Process-4":1}
Initialization Complete
Process-4 {"Process-0":15, "Process-4":2}
INFO Prejeto sporocilo
